#
# A fatal error has been detected by the Java Runtime Environment:
#
#  SIGSEGV (0xb) at pc=0x00007f3a29b4c401, pid=223, tid=284
#
# JRE version: OpenJDK Runtime Environment (11.0.8+10) (build 11.0.8+10-post-Ubuntu-0ubuntu118.04.1)
# Java VM: OpenJDK 64-Bit Server VM (11.0.8+10-post-Ubuntu-0ubuntu118.04.1, mixed mode, sharing, tiered, compressed oops, serial gc, linux-amd64)
# Problematic frame:
# C  [libjimage.so+0x2401]
#
# Core dump will be written. Default location: Core dumps may be processed with "/usr/share/apport/apport %p %s %c %d %P %E" (or dumping to /home/runner/Sumaative-2-Alexis/core.223)
#
# If you would like to submit a bug report, please visit:
#   https://bugs.launchpad.net/ubuntu/+source/openjdk-lts
#

---------------  S U M M A R Y ------------

Command Line: Sketch

Host: Intel(R) Xeon(R) CPU @ 2.30GHz, 4 cores, 512M, Ubuntu 18.04.5 LTS
Time: Tue Nov 17 21:31:38 2020 UTC elapsed time: 173 seconds (0d 0h 2m 53s)

---------------  T H R E A D  ---------------

Current thread (0x00007f39cc01e800):  JavaThread "XToolkt-Shutdown-Thread" [_thread_in_vm, id=284, stack(0x00007f3a23eff000,0x00007f3a24000000)]

Stack: [0x00007f3a23eff000,0x00007f3a24000000],  sp=0x00007f3a23ffd060,  free space=1016k
Native frames: (J=compiled Java code, A=aot compiled Java code, j=interpreted, Vv=VM code, C=native code)
C  [libjimage.so+0x2401]
C  [libjimage.so+0x30ea]
C  [libjimage.so+0x35c6]  JIMAGE_FindResource+0xd6
V  [libjvm.so+0x59097e]
V  [libjvm.so+0x5936e0]
V  [libjvm.so+0xd50b85]
V  [libjvm.so+0xd4e51a]
V  [libjvm.so+0xd51112]
V  [libjvm.so+0x647127]
V  [libjvm.so+0xa3c57a]
V  [libjvm.so+0x844136]
V  [libjvm.so+0x84502d]
j  sun.awt.X11.XToolkit.lambda$init$0()V+0 java.desktop@11.0.8
j  sun.awt.X11.XToolkit$$Lambda$11.run()V+4 java.desktop@11.0.8
j  java.lang.Thread.run()V+11 java.base@11.0.8
v  ~StubRoutines::call_stub
V  [libjvm.so+0x84eb09]
V  [libjvm.so+0x84cc4d]
V  [libjvm.so+0x8f6c9c]
V  [libjvm.so+0xd8996f]
V  [libjvm.so+0xd860bf]
V  [libjvm.so+0xbd632e]

Java frames: (J=compiled Java code, j=interpreted, Vv=VM code)
j  sun.awt.X11.XToolkit.lambda$init$0()V+0 java.desktop@11.0.8
j  sun.awt.X11.XToolkit$$Lambda$11.run()V+4 java.desktop@11.0.8
j  java.lang.Thread.run()V+11 java.base@11.0.8
v  ~StubRoutines::call_stub

siginfo: si_signo: 11 (SIGSEGV), si_code: 1 (SEGV_MAPERR), si_addr: 0x00007f3a1b904ca8

Register to memory mapping:

RAX=0x0000000000000b23 is an unknown value
RBX=0x00007f3a23ffd111 is pointing into the stack for thread: 0x00007f39cc01e800
RCX=0x00007f3a1b90201c is an unknown value
RDX=0x0000000000000b23 is an unknown value
RSP=0x00007f3a23ffd060 is pointing into the stack for thread: 0x00007f39cc01e800
RBP=0x00007f3a23ffd080 is pointing into the stack for thread: 0x00007f39cc01e800
RSI=0x00007f3a23ffd110 is pointing into the stack for thread: 0x00007f39cc01e800
RDI=0x00007f3a29d4f030: <offset 0x0000000000205030> in /usr/lib/jvm/java-11-openjdk-amd64/lib/libjimage.so at 0x00007f3a29b4a000
R8 =0x0 is NULL
R9 =0x00000000ca0d71f0 is an unknown value
R10=0x00007f3a23ffd134 is pointing into the stack for thread: 0x00007f39cc01e800
R11=0x00007f3a2bb8507d: <offset 0x0000000000eb307d> in /usr/lib/jvm/java-11-openjdk-amd64/lib/server/libjvm.so at 0x00007f3a2acd2000
R12=0x00007f3a23ffd110 is pointing into the stack for thread: 0x00007f39cc01e800
R13=0x00000000000083bc is an unknown value
R14=0x00007f3a23ffe1a8 is pointing into the stack for thread: 0x00007f39cc01e800
R15=0x00007f39fc011540 points into unknown readable memory: 73 75 6e 2f 61 77 74 2f


Registers:
RAX=0x0000000000000b23, RBX=0x00007f3a23ffd111, RCX=0x00007f3a1b90201c, RDX=0x0000000000000b23
RSP=0x00007f3a23ffd060, RBP=0x00007f3a23ffd080, RSI=0x00007f3a23ffd110, RDI=0x00007f3a29d4f030
R8 =0x0000000000000000, R9 =0x00000000ca0d71f0, R10=0x00007f3a23ffd134, R11=0x00007f3a2bb8507d
R12=0x00007f3a23ffd110, R13=0x00000000000083bc, R14=0x00007f3a23ffe1a8, R15=0x00007f39fc011540
RIP=0x00007f3a29b4c401, EFLAGS=0x0000000000010246, CSGSFS=0x002b000000000033, ERR=0x0000000000000004
  TRAPNO=0x000000000000000e

Top of Stack: (sp=0x00007f3a23ffd060)
0x00007f3a23ffd060:   0000000000000000 00007f3a24009600
0x00007f3a23ffd070:   0000000000000000 00007f3a23ffd110
0x00007f3a23ffd080:   00007f3a23ffd0f0 00007f3a29b4d0ea
0x00007f3a23ffd090:   0000000000000000 0000000000000000 

Instructions: (pc=0x00007f3a29b4c401)
0x00007f3a29b4c301:   c5 4c 01 e3 48 89 ce e8 d3 f3 ff ff e9 69 fd ff
0x00007f3a29b4c311:   ff 89 d1 0f b7 74 08 fe 66 41 89 74 0e fe e9 7a
0x00007f3a29b4c321:   fe ff ff 0f 1f 40 00 8b 08 49 8d 1c 16 41 89 0e
0x00007f3a29b4c331:   89 d1 8b 74 08 fc 41 89 74 0e fc 48 8d 34 10 48
0x00007f3a29b4c341:   89 75 b8 e9 0b fe ff ff 0f 1f 80 00 00 00 00 0f
0x00007f3a29b4c351:   b6 17 55 89 f0 48 89 e5 84 d2 74 22 48 8d 4f 01
0x00007f3a29b4c361:   0f 1f 80 00 00 00 00 48 83 c1 01 0f b6 f2 0f b6
0x00007f3a29b4c371:   51 ff 69 c0 93 01 00 01 31 f0 84 d2 75 e9 25 ff
0x00007f3a29b4c381:   ff ff 7f 5d c3 66 2e 0f 1f 84 00 00 00 00 00 48
0x00007f3a29b4c391:   85 d2 0f 84 dd 00 00 00 85 c9 0f 84 d5 00 00 00
0x00007f3a29b4c3a1:   55 48 89 e5 41 55 41 54 53 48 8d 5e 01 48 83 ec
0x00007f3a29b4c3b1:   08 44 0f b6 06 45 84 c0 0f 84 a9 00 00 00 49 89
0x00007f3a29b4c3c1:   da b8 93 01 00 01 66 0f 1f 84 00 00 00 00 00 49
0x00007f3a29b4c3d1:   83 c2 01 44 69 c8 93 01 00 01 41 0f b6 c0 45 0f
0x00007f3a29b4c3e1:   b6 42 ff 44 31 c8 45 84 c0 75 e4 25 ff ff ff 7f
0x00007f3a29b4c3f1:   41 89 cd 48 89 d1 31 d2 41 f7 f5 49 89 f4 89 d0
0x00007f3a29b4c401:   8b 34 81 48 8b 07 ff 50 20 83 f8 00 7e 41 41 0f
0x00007f3a29b4c411:   b6 14 24 84 d2 74 1c 0f 1f 84 00 00 00 00 00 69
0x00007f3a29b4c421:   c0 93 01 00 01 48 83 c3 01 31 d0 0f b6 53 ff 84
0x00007f3a29b4c431:   d2 75 ec 25 ff ff ff 7f 31 d2 41 f7 f5 48 83 c4
0x00007f3a29b4c441:   08 89 d0 5b 41 5c 41 5d 5d c3 0f 1f 44 00 00 74
0x00007f3a29b4c451:   1d f7 d0 48 83 c4 08 89 c2 5b 89 d0 41 5c 41 5d
0x00007f3a29b4c461:   5d c3 0f 1f 44 00 00 b8 93 01 00 01 eb 82 ba ff
0x00007f3a29b4c471:   ff ff ff eb c8 83 ca ff 89 d0 c3 0f 1f 40 00 0f
0x00007f3a29b4c481:   b6 17 55 48 89 f8 48 89 e5 84 d2 75 15 eb 1a 38
0x00007f3a29b4c491:   ca 75 1c 48 83 c0 01 0f b6 10 48 83 c6 01 84 d2
0x00007f3a29b4c4a1:   74 07 0f b6 0e 84 c9 75 e6 5d c3 0f 1f 40 00 31
0x00007f3a29b4c4b1:   c0 5d c3 66 90 66 2e 0f 1f 84 00 00 00 00 00 55
0x00007f3a29b4c4c1:   48 85 f6 48 89 e5 74 57 0f 1f 80 00 00 00 00 0f
0x00007f3a29b4c4d1:   b6 06 84 c0 74 49 0f b6 d0 83 e0 07 c1 fa 03 44
0x00007f3a29b4c4e1:   8d 50 01 0f b6 c0 41 89 d1 48 8d 56 01 4c 8d 44
0x00007f3a29b4c4f1:   06 02 31 c0 0f 1f 00 0f b6 0a 48 c1 e0 08 48 83 


Stack slot to memory mapping:
stack at sp + 0 slots: 0x0 is NULL
stack at sp + 1 slots: 0x00007f3a24009600 points into unknown readable memory: 50 0f 00 c8 39 7f 00 00
stack at sp + 2 slots: 0x0 is NULL
stack at sp + 3 slots: 0x00007f3a23ffd110 is pointing into the stack for thread: 0x00007f39cc01e800
stack at sp + 4 slots: 0x00007f3a23ffd0f0 is pointing into the stack for thread: 0x00007f39cc01e800
stack at sp + 5 slots: 0x00007f3a29b4d0ea: <offset 0x00000000000030ea> in /usr/lib/jvm/java-11-openjdk-amd64/lib/libjimage.so at 0x00007f3a29b4a000
stack at sp + 6 slots: 0x0 is NULL
stack at sp + 7 slots: 0x0 is NULL


---------------  P R O C E S S  ---------------

Threads class SMR info:
_java_thread_list=0x00007f39cc01f7b0, length=17, elements={
0x00007f3a24051000, 0x00007f3a24053000, 0x00007f3a24059000, 0x00007f3a2405b800,
0x00007f3a2405d800, 0x00007f3a2405f800, 0x00007f3a2409a000, 0x00007f3a240a4000,
0x00007f3a241dc800, 0x00007f3a241de800, 0x00007f3a24331800, 0x00007f3a24334000,
0x00007f3a24336800, 0x00007f3a24016000, 0x00007f39f8001000, 0x00007f39f8002800,
0x00007f39cc01e800
}

Java Threads: ( => current thread )
  0x00007f3a24051000 JavaThread "Reference Handler" daemon [_thread_blocked, id=226, stack(0x00007f3a2844b000,0x00007f3a2854c000)]
  0x00007f3a24053000 JavaThread "Finalizer" daemon [_thread_blocked, id=227, stack(0x00007f3a2834a000,0x00007f3a2844b000)]
  0x00007f3a24059000 JavaThread "Signal Dispatcher" daemon [_thread_blocked, id=228, stack(0x00007f3a280ae000,0x00007f3a281af000)]
  0x00007f3a2405b800 JavaThread "C2 CompilerThread0" daemon [_thread_blocked, id=229, stack(0x00007f3a0c801000,0x00007f3a0c902000)]
  0x00007f3a2405d800 JavaThread "C1 CompilerThread0" daemon [_thread_blocked, id=230, stack(0x00007f3a0c700000,0x00007f3a0c801000)]
  0x00007f3a2405f800 JavaThread "Sweeper thread" daemon [_thread_blocked, id=231, stack(0x00007f3a0c5ff000,0x00007f3a0c700000)]
  0x00007f3a2409a000 JavaThread "Service Thread" daemon [_thread_blocked, id=232, stack(0x00007f3a0c4fe000,0x00007f3a0c5ff000)]
  0x00007f3a240a4000 JavaThread "Common-Cleaner" daemon [_thread_blocked, id=234, stack(0x00007f3a0c2fb000,0x00007f3a0c3fc000)]
  0x00007f3a241dc800 JavaThread "Java2D Disposer" daemon [_thread_blocked, id=270, stack(0x00007f39de8e0000,0x00007f39de9e1000)]
  0x00007f3a241de800 JavaThread "AWT-XAWT" daemon [_thread_in_native, id=271, stack(0x00007f39de7df000,0x00007f39de8e0000)]
  0x00007f3a24331800 JavaThread "AWT-Shutdown" [_thread_blocked, id=274, stack(0x00007f39de4dc000,0x00007f39de5dd000)]
  0x00007f3a24334000 JavaThread "AWT-EventQueue-0" [_thread_blocked, id=275, stack(0x00007f39de3db000,0x00007f39de4dc000)]
  0x00007f3a24336800 JavaThread "Animation Thread" [_thread_blocked, id=276, stack(0x00007f39de2da000,0x00007f39de3db000)]
  0x00007f3a24016000 JavaThread "DestroyJavaVM" [_thread_blocked, id=224, stack(0x00007f3a2ce3f000,0x00007f3a2cf40000)]
  0x00007f39f8001000 JavaThread "SIGTERM handler" daemon [_thread_blocked, id=282, stack(0x00007f39de6de000,0x00007f39de7df000)]
  0x00007f39f8002800 JavaThread "SIGHUP handler" daemon [_thread_blocked, id=283, stack(0x00007f39de5dd000,0x00007f39de6de000)]
=>0x00007f39cc01e800 JavaThread "XToolkt-Shutdown-Thread" [_thread_in_vm, id=284, stack(0x00007f3a23eff000,0x00007f3a24000000)]

Other Threads:
  0x00007f3a2404e000 VMThread "VM Thread" [stack: 0x00007f3a2854e000,0x00007f3a2864e000] [id=225]
  0x00007f3a2409c800 WatcherThread [stack: 0x00007f3a0c3fe000,0x00007f3a0c4fe000] [id=233]

Threads with active compile tasks:

VM state:not at safepoint (normal execution)

VM Mutex/Monitor currently owned by a thread: None

Heap address: 0x00000000f8000000, size: 128 MB, Compressed Oops mode: 32-bit
Narrow klass base: 0x0000000800000000, Narrow klass shift: 3
Compressed class space size: 1073741824 Address: 0x0000000840000000

Heap:
 def new generation   total 2432K, used 267K [0x00000000f8000000, 0x00000000f82a0000, 0x00000000faaa0000)
  eden space 2176K,  10% used [0x00000000f8000000, 0x00000000f8038d80, 0x00000000f8220000)
  from space 256K,  15% used [0x00000000f8220000, 0x00000000f822a1d8, 0x00000000f8260000)
  to   space 256K,   0% used [0x00000000f8260000, 0x00000000f8260000, 0x00000000f82a0000)
 tenured generation   total 5504K, used 5084K [0x00000000faaa0000, 0x00000000fb000000, 0x0000000100000000)
   the space 5504K,  92% used [0x00000000faaa0000, 0x00000000faf971f0, 0x00000000faf97200, 0x00000000fb000000)
 Metaspace       used 8956K, capacity 9355K, committed 9600K, reserved 1058816K
  class space    used 899K, capacity 1092K, committed 1152K, reserved 1048576K

Card table byte_map: [0x00007f3a2cdfe000,0x00007f3a2ce3f000] _byte_map_base: 0x00007f3a2c63e000

Polling page: 0x00007f3a2cf5c000

Metaspace:

Usage:
  Non-class:      8.07 MB capacity,     7.87 MB ( 98%) used,   171.08 KB (  2%) free+waste,    35.12 KB ( <1%) overhead. 
      Class:      1.07 MB capacity,   899.71 KB ( 82%) used,   171.54 KB ( 16%) free+waste,    20.75 KB (  2%) overhead. 
       Both:      9.14 MB capacity,     8.75 MB ( 96%) used,   342.62 KB (  4%) free+waste,    55.88 KB ( <1%) overhead. 

Virtual space:
  Non-class space:       10.00 MB reserved,       8.25 MB ( 82%) committed 
      Class space:        1.00 GB reserved,       1.12 MB ( <1%) committed 
             Both:        1.01 GB reserved,       9.38 MB ( <1%) committed 

Chunk freelists:
   Non-Class:  101.00 KB
       Class:  28.00 KB
        Both:  129.00 KB

MaxMetaspaceSize: unlimited
CompressedClassSpaceSize: 1.00 GB

CodeHeap 'non-profiled nmethods': size=120036Kb used=899Kb max_used=899Kb free=119136Kb
 bounds [0x00007f3a143c9000, 0x00007f3a14639000, 0x00007f3a1b902000]
CodeHeap 'profiled nmethods': size=120032Kb used=2603Kb max_used=2603Kb free=117428Kb
 bounds [0x00007f3a0ce91000, 0x00007f3a0d121000, 0x00007f3a143c9000]
CodeHeap 'non-nmethods': size=5692Kb used=1235Kb max_used=1263Kb free=4457Kb
 bounds [0x00007f3a0c902000, 0x00007f3a0cb72000, 0x00007f3a0ce91000]
 total_blobs=2130 nmethods=1492 adapters=553
 compilation: enabled
              stopped_count=0, restarted_count=0
 full_count=0

Compilation events (20 events):
Event: 110.018 Thread 0x00007f3a2405b800 1526       4       sun.java2d.loops.Blit::getFromCache (93 bytes)
Event: 110.030 Thread 0x00007f3a2405b800 nmethod 1526 0x00007f3a144a6c10 code [0x00007f3a144a6dc0, 0x00007f3a144a7258]
Event: 110.151 Thread 0x00007f3a2405b800 1527       4       java.awt.image.BufferedImage::getWidth (8 bytes)
Event: 110.152 Thread 0x00007f3a2405b800 nmethod 1527 0x00007f3a144a7510 code [0x00007f3a144a76a0, 0x00007f3a144a7718]
Event: 110.186 Thread 0x00007f3a2405b800 1528       4       sun.java2d.StateTrackableDelegate$1::isCurrent (17 bytes)
Event: 110.188 Thread 0x00007f3a2405b800 nmethod 1528 0x00007f3a144a7790 code [0x00007f3a144a7920, 0x00007f3a144a79b8]
Event: 110.215 Thread 0x00007f3a2405b800 1529       4       sun.java2d.SunGraphics2D::scale (14 bytes)
Event: 110.220 Thread 0x00007f3a2405b800 nmethod 1529 0x00007f3a144a7a90 code [0x00007f3a144a7c80, 0x00007f3a144a7ee8]
Event: 111.619 Thread 0x00007f3a2405b800 1530       4       java.awt.Component::getBackground (29 bytes)
Event: 111.621 Thread 0x00007f3a2405b800 nmethod 1530 0x00007f3a144a8190 code [0x00007f3a144a8340, 0x00007f3a144a8448]
Event: 112.018 Thread 0x00007f3a2405b800 1531   !   4       sun.awt.image.SurfaceManager::getManager (47 bytes)
Event: 112.020 Thread 0x00007f3a2405b800 nmethod 1531 0x00007f3a144a8590 code [0x00007f3a144a8720, 0x00007f3a144a87b8]
Event: 112.285 Thread 0x00007f3a2405b800 1532       4       sun.awt.X11.XComponentPeer::getBackBuffer (44 bytes)
Event: 112.287 Thread 0x00007f3a2405b800 nmethod 1532 0x00007f3a144a8910 code [0x00007f3a144a8ac0, 0x00007f3a144a8be8]
Event: 127.218 Thread 0x00007f3a2405b800 1533       4       java.awt.image.BufferedImage::getHeight (8 bytes)
Event: 127.220 Thread 0x00007f3a2405b800 nmethod 1533 0x00007f3a144a8d90 code [0x00007f3a144a8f20, 0x00007f3a144a8f98]
Event: 140.319 Thread 0x00007f3a2405b800 1534   !   4       sun.awt.X11.XToolkit::getNextTaskTime (55 bytes)
Event: 140.337 Thread 0x00007f3a2405b800 nmethod 1534 0x00007f3a144a9010 code [0x00007f3a144a9240, 0x00007f3a144a99a0]
Event: 173.237 Thread 0x00007f3a2405d800 1535       3       java.util.AbstractSet::<init> (5 bytes)
Event: 173.239 Thread 0x00007f3a2405d800 nmethod 1535 0x00007f3a0d11ba90 code [0x00007f3a0d11bc40, 0x00007f3a0d11be10]

GC Heap History (20 events):
Event: 10.103 GC heap before
{Heap before GC invocations=2 (full 0):
 def new generation   total 2432K, used 2431K [0x00000000f8000000, 0x00000000f82a0000, 0x00000000faaa0000)
  eden space 2176K, 100% used [0x00000000f8000000, 0x00000000f8220000, 0x00000000f8220000)
  from space 256K,  99% used [0x00000000f8220000, 0x00000000f825fff8, 0x00000000f8260000)
  to   space 256K,   0% used [0x00000000f8260000, 0x00000000f8260000, 0x00000000f82a0000)
 tenured generation   total 5504K, used 993K [0x00000000faaa0000, 0x00000000fb000000, 0x0000000100000000)
   the space 5504K,  18% used [0x00000000faaa0000, 0x00000000fab98688, 0x00000000fab98800, 0x00000000fb000000)
 Metaspace       used 5455K, capacity 5844K, committed 6144K, reserved 1056768K
  class space    used 537K, capacity 672K, committed 768K, reserved 1048576K
}
Event: 10.111 GC heap after
{Heap after GC invocations=3 (full 0):
 def new generation   total 2432K, used 256K [0x00000000f8000000, 0x00000000f82a0000, 0x00000000faaa0000)
  eden space 2176K,   0% used [0x00000000f8000000, 0x00000000f8000000, 0x00000000f8220000)
  from space 256K, 100% used [0x00000000f8260000, 0x00000000f82a0000, 0x00000000f82a0000)
  to   space 256K,   0% used [0x00000000f8220000, 0x00000000f8220000, 0x00000000f8260000)
 tenured generation   total 5504K, used 1377K [0x00000000faaa0000, 0x00000000fb000000, 0x0000000100000000)
   the space 5504K,  25% used [0x00000000faaa0000, 0x00000000fabf85c0, 0x00000000fabf8600, 0x00000000fb000000)
 Metaspace       used 5455K, capacity 5844K, committed 6144K, reserved 1056768K
  class space    used 537K, capacity 672K, committed 768K, reserved 1048576K
}
Event: 11.300 GC heap before
{Heap before GC invocations=3 (full 0):
 def new generation   total 2432K, used 2432K [0x00000000f8000000, 0x00000000f82a0000, 0x00000000faaa0000)
  eden space 2176K, 100% used [0x00000000f8000000, 0x00000000f8220000, 0x00000000f8220000)
  from space 256K, 100% used [0x00000000f8260000, 0x00000000f82a0000, 0x00000000f82a0000)
  to   space 256K,   0% used [0x00000000f8220000, 0x00000000f8220000, 0x00000000f8260000)
 tenured generation   total 5504K, used 1377K [0x00000000faaa0000, 0x00000000fb000000, 0x0000000100000000)
   the space 5504K,  25% used [0x00000000faaa0000, 0x00000000fabf85c0, 0x00000000fabf8600, 0x00000000fb000000)
 Metaspace       used 7327K, capacity 7749K, committed 7936K, reserved 1056768K
  class space    used 772K, capacity 962K, committed 1024K, reserved 1048576K
}
Event: 11.306 GC heap after
{Heap after GC invocations=4 (full 0):
 def new generation   total 2432K, used 256K [0x00000000f8000000, 0x00000000f82a0000, 0x00000000faaa0000)
  eden space 2176K,   0% used [0x00000000f8000000, 0x00000000f8000000, 0x00000000f8220000)
  from space 256K, 100% used [0x00000000f8220000, 0x00000000f8260000, 0x00000000f8260000)
  to   space 256K,   0% used [0x00000000f8260000, 0x00000000f8260000, 0x00000000f82a0000)
 tenured generation   total 5504K, used 1793K [0x00000000faaa0000, 0x00000000fb000000, 0x0000000100000000)
   the space 5504K,  32% used [0x00000000faaa0000, 0x00000000fac60570, 0x00000000fac60600, 0x00000000fb000000)
 Metaspace       used 7327K, capacity 7749K, committed 7936K, reserved 1056768K
  class space    used 772K, capacity 962K, committed 1024K, reserved 1048576K
}
Event: 11.617 GC heap before
{Heap before GC invocations=4 (full 0):
 def new generation   total 2432K, used 1477K [0x00000000f8000000, 0x00000000f82a0000, 0x00000000faaa0000)
  eden space 2176K,  56% used [0x00000000f8000000, 0x00000000f8131540, 0x00000000f8220000)
  from space 256K, 100% used [0x00000000f8220000, 0x00000000f8260000, 0x00000000f8260000)
  to   space 256K,   0% used [0x00000000f8260000, 0x00000000f8260000, 0x00000000f82a0000)
 tenured generation   total 5504K, used 1793K [0x00000000faaa0000, 0x00000000fb000000, 0x0000000100000000)
   the space 5504K,  32% used [0x00000000faaa0000, 0x00000000fac60570, 0x00000000fac60600, 0x00000000fb000000)
 Metaspace       used 7369K, capacity 7749K, committed 7936K, reserved 1056768K
  class space    used 772K, capacity 962K, committed 1024K, reserved 1048576K
}
Event: 11.620 GC heap after
{Heap after GC invocations=5 (full 0):
 def new generation   total 2432K, used 228K [0x00000000f8000000, 0x00000000f82a0000, 0x00000000faaa0000)
  eden space 2176K,   0% used [0x00000000f8000000, 0x00000000f8000000, 0x00000000f8220000)
  from space 256K,  89% used [0x00000000f8260000, 0x00000000f8299068, 0x00000000f82a0000)
  to   space 256K,   0% used [0x00000000f8220000, 0x00000000f8220000, 0x00000000f8260000)
 tenured generation   total 5504K, used 2283K [0x00000000faaa0000, 0x00000000fb000000, 0x0000000100000000)
   the space 5504K,  41% used [0x00000000faaa0000, 0x00000000facdaf60, 0x00000000facdb000, 0x00000000fb000000)
 Metaspace       used 7369K, capacity 7749K, committed 7936K, reserved 1056768K
  class space    used 772K, capacity 962K, committed 1024K, reserved 1048576K
}
Event: 11.808 GC heap before
{Heap before GC invocations=5 (full 0):
 def new generation   total 2432K, used 2400K [0x00000000f8000000, 0x00000000f82a0000, 0x00000000faaa0000)
  eden space 2176K,  99% used [0x00000000f8000000, 0x00000000f821f240, 0x00000000f8220000)
  from space 256K,  89% used [0x00000000f8260000, 0x00000000f8299068, 0x00000000f82a0000)
  to   space 256K,   0% used [0x00000000f8220000, 0x00000000f8220000, 0x00000000f8260000)
 tenured generation   total 5504K, used 2283K [0x00000000faaa0000, 0x00000000fb000000, 0x0000000100000000)
   the space 5504K,  41% used [0x00000000faaa0000, 0x00000000facdaf60, 0x00000000facdb000, 0x00000000fb000000)
 Metaspace       used 7418K, capacity 7813K, committed 7936K, reserved 1056768K
  class space    used 780K, capacity 962K, committed 1024K, reserved 1048576K
}
Event: 11.814 GC heap after
{Heap after GC invocations=6 (full 0):
 def new generation   total 2432K, used 50K [0x00000000f8000000, 0x00000000f82a0000, 0x00000000faaa0000)
  eden space 2176K,   0% used [0x00000000f8000000, 0x00000000f8000000, 0x00000000f8220000)
  from space 256K,  19% used [0x00000000f8220000, 0x00000000f822c900, 0x00000000f8260000)
  to   space 256K,   0% used [0x00000000f8260000, 0x00000000f8260000, 0x00000000f82a0000)
 tenured generation   total 5504K, used 3392K [0x00000000faaa0000, 0x00000000fb000000, 0x0000000100000000)
   the space 5504K,  61% used [0x00000000faaa0000, 0x00000000fadf02b0, 0x00000000fadf0400, 0x00000000fb000000)
 Metaspace       used 7418K, capacity 7813K, committed 7936K, reserved 1056768K
  class space    used 780K, capacity 962K, committed 1024K, reserved 1048576K
}
Event: 13.899 GC heap before
{Heap before GC invocations=6 (full 0):
 def new generation   total 2432K, used 2226K [0x00000000f8000000, 0x00000000f82a0000, 0x00000000faaa0000)
  eden space 2176K, 100% used [0x00000000f8000000, 0x00000000f8220000, 0x00000000f8220000)
  from space 256K,  19% used [0x00000000f8220000, 0x00000000f822c900, 0x00000000f8260000)
  to   space 256K,   0% used [0x00000000f8260000, 0x00000000f8260000, 0x00000000f82a0000)
 tenured generation   total 5504K, used 3392K [0x00000000faaa0000, 0x00000000fb000000, 0x0000000100000000)
   the space 5504K,  61% used [0x00000000faaa0000, 0x00000000fadf02b0, 0x00000000fadf0400, 0x00000000fb000000)
 Metaspace       used 8603K, capacity 8971K, committed 9088K, reserved 1056768K
  class space    used 899K, capacity 1092K, committed 1152K, reserved 1048576K
}
Event: 13.902 GC heap after
{Heap after GC invocations=7 (full 0):
 def new generation   total 2432K, used 256K [0x00000000f8000000, 0x00000000f82a0000, 0x00000000faaa0000)
  eden space 2176K,   0% used [0x00000000f8000000, 0x00000000f8000000, 0x00000000f8220000)
  from space 256K, 100% used [0x00000000f8260000, 0x00000000f82a0000, 0x00000000f82a0000)
  to   space 256K,   0% used [0x00000000f8220000, 0x00000000f8220000, 0x00000000f8260000)
 tenured generation   total 5504K, used 4829K [0x00000000faaa0000, 0x00000000fb000000, 0x0000000100000000)
   the space 5504K,  87% used [0x00000000faaa0000, 0x00000000faf574f8, 0x00000000faf57600, 0x00000000fb000000)
 Metaspace       used 8603K, capacity 8971K, committed 9088K, reserved 1056768K
  class space    used 899K, capacity 1092K, committed 1152K, reserved 1048576K
}
Event: 48.899 GC heap before
{Heap before GC invocations=7 (full 0):
 def new generation   total 2432K, used 2432K [0x00000000f8000000, 0x00000000f82a0000, 0x00000000faaa0000)
  eden space 2176K, 100% used [0x00000000f8000000, 0x00000000f8220000, 0x00000000f8220000)
  from space 256K, 100% used [0x00000000f8260000, 0x00000000f82a0000, 0x00000000f82a0000)
  to   space 256K,   0% used [0x00000000f8220000, 0x00000000f8220000, 0x00000000f8260000)
 tenured generation   total 5504K, used 4829K [0x00000000faaa0000, 0x00000000fb000000, 0x0000000100000000)
   the space 5504K,  87% used [0x00000000faaa0000, 0x00000000faf574f8, 0x00000000faf57600, 0x00000000fb000000)
 Metaspace       used 8952K, capacity 9355K, committed 9600K, reserved 1058816K
  class space    used 899K, capacity 1092K, committed 1152K, reserved 1048576K
}
Event: 48.900 GC heap after
{Heap after GC invocations=8 (full 0):
 def new generation   total 2432K, used 17K [0x00000000f8000000, 0x00000000f82a0000, 0x00000000faaa0000)
  eden space 2176K,   0% used [0x00000000f8000000, 0x00000000f8000000, 0x00000000f8220000)
  from space 256K,   6% used [0x00000000f8220000, 0x00000000f8224410, 0x00000000f8260000)
  to   space 256K,   0% used [0x00000000f8260000, 0x00000000f8260000, 0x00000000f82a0000)
 tenured generation   total 5504K, used 5084K [0x00000000faaa0000, 0x00000000fb000000, 0x0000000100000000)
   the space 5504K,  92% used [0x00000000faaa0000, 0x00000000faf971f0, 0x00000000faf97200, 0x00000000fb000000)
 Metaspace       used 8952K, capacity 9355K, committed 9600K, reserved 1058816K
  class space    used 899K, capacity 1092K, committed 1152K, reserved 1048576K
}
Event: 79.208 GC heap before
{Heap before GC invocations=8 (full 0):
 def new generation   total 2432K, used 2193K [0x00000000f8000000, 0x00000000f82a0000, 0x00000000faaa0000)
  eden space 2176K, 100% used [0x00000000f8000000, 0x00000000f8220000, 0x00000000f8220000)
  from space 256K,   6% used [0x00000000f8220000, 0x00000000f8224410, 0x00000000f8260000)
  to   space 256K,   0% used [0x00000000f8260000, 0x00000000f8260000, 0x00000000f82a0000)
 tenured generation   total 5504K, used 5084K [0x00000000faaa0000, 0x00000000fb000000, 0x0000000100000000)
   the space 5504K,  92% used [0x00000000faaa0000, 0x00000000faf971f0, 0x00000000faf97200, 0x00000000fb000000)
 Metaspace       used 8952K, capacity 9355K, committed 9600K, reserved 1058816K
  class space    used 899K, capacity 1092K, committed 1152K, reserved 1048576K
}
Event: 79.209 GC heap after
{Heap after GC invocations=9 (full 0):
 def new generation   total 2432K, used 21K [0x00000000f8000000, 0x00000000f82a0000, 0x00000000faaa0000)
  eden space 2176K,   0% used [0x00000000f8000000, 0x00000000f8000000, 0x00000000f8220000)
  from space 256K,   8% used [0x00000000f8260000, 0x00000000f82657a0, 0x00000000f82a0000)
  to   space 256K,   0% used [0x00000000f8220000, 0x00000000f8220000, 0x00000000f8260000)
 tenured generation   total 5504K, used 5084K [0x00000000faaa0000, 0x00000000fb000000, 0x0000000100000000)
   the space 5504K,  92% used [0x00000000faaa0000, 0x00000000faf971f0, 0x00000000faf97200, 0x00000000fb000000)
 Metaspace       used 8952K, capacity 9355K, committed 9600K, reserved 1058816K
  class space    used 899K, capacity 1092K, committed 1152K, reserved 1048576K
}
Event: 110.515 GC heap before
{Heap before GC invocations=9 (full 0):
 def new generation   total 2432K, used 2197K [0x00000000f8000000, 0x00000000f82a0000, 0x00000000faaa0000)
  eden space 2176K, 100% used [0x00000000f8000000, 0x00000000f8220000, 0x00000000f8220000)
  from space 256K,   8% used [0x00000000f8260000, 0x00000000f82657a0, 0x00000000f82a0000)
  to   space 256K,   0% used [0x00000000f8220000, 0x00000000f8220000, 0x00000000f8260000)
 tenured generation   total 5504K, used 5084K [0x00000000faaa0000, 0x00000000fb000000, 0x0000000100000000)
   the space 5504K,  92% used [0x00000000faaa0000, 0x00000000faf971f0, 0x00000000faf97200, 0x00000000fb000000)
 Metaspace       used 8953K, capacity 9355K, committed 9600K, reserved 1058816K
  class space    used 899K, capacity 1092K, committed 1152K, reserved 1048576K
}
Event: 110.516 GC heap after
{Heap after GC invocations=10 (full 0):
 def new generation   total 2432K, used 38K [0x00000000f8000000, 0x00000000f82a0000, 0x00000000faaa0000)
  eden space 2176K,   0% used [0x00000000f8000000, 0x00000000f8000000, 0x00000000f8220000)
  from space 256K,  15% used [0x00000000f8220000, 0x00000000f8229a78, 0x00000000f8260000)
  to   space 256K,   0% used [0x00000000f8260000, 0x00000000f8260000, 0x00000000f82a0000)
 tenured generation   total 5504K, used 5084K [0x00000000faaa0000, 0x00000000fb000000, 0x0000000100000000)
   the space 5504K,  92% used [0x00000000faaa0000, 0x00000000faf971f0, 0x00000000faf97200, 0x00000000fb000000)
 Metaspace       used 8953K, capacity 9355K, committed 9600K, reserved 1058816K
  class space    used 899K, capacity 1092K, committed 1152K, reserved 1048576K
}
Event: 140.883 GC heap before
{Heap before GC invocations=10 (full 0):
 def new generation   total 2432K, used 2214K [0x00000000f8000000, 0x00000000f82a0000, 0x00000000faaa0000)
  eden space 2176K, 100% used [0x00000000f8000000, 0x00000000f8220000, 0x00000000f8220000)
  from space 256K,  15% used [0x00000000f8220000, 0x00000000f8229a78, 0x00000000f8260000)
  to   space 256K,   0% used [0x00000000f8260000, 0x00000000f8260000, 0x00000000f82a0000)
 tenured generation   total 5504K, used 5084K [0x00000000faaa0000, 0x00000000fb000000, 0x0000000100000000)
   the space 5504K,  92% used [0x00000000faaa0000, 0x00000000faf971f0, 0x00000000faf97200, 0x00000000fb000000)
 Metaspace       used 8953K, capacity 9355K, committed 9600K, reserved 1058816K
  class space    used 899K, capacity 1092K, committed 1152K, reserved 1048576K
}
Event: 140.884 GC heap after
{Heap after GC invocations=11 (full 0):
 def new generation   total 2432K, used 40K [0x00000000f8000000, 0x00000000f82a0000, 0x00000000faaa0000)
  eden space 2176K,   0% used [0x00000000f8000000, 0x00000000f8000000, 0x00000000f8220000)
  from space 256K,  15% used [0x00000000f8260000, 0x00000000f826a1f8, 0x00000000f82a0000)
  to   space 256K,   0% used [0x00000000f8220000, 0x00000000f8220000, 0x00000000f8260000)
 tenured generation   total 5504K, used 5084K [0x00000000faaa0000, 0x00000000fb000000, 0x0000000100000000)
   the space 5504K,  92% used [0x00000000faaa0000, 0x00000000faf971f0, 0x00000000faf97200, 0x00000000fb000000)
 Metaspace       used 8953K, capacity 9355K, committed 9600K, reserved 1058816K
  class space    used 899K, capacity 1092K, committed 1152K, reserved 1048576K
}
Event: 171.469 GC heap before
{Heap before GC invocations=11 (full 0):
 def new generation   total 2432K, used 2216K [0x00000000f8000000, 0x00000000f82a0000, 0x00000000faaa0000)
  eden space 2176K, 100% used [0x00000000f8000000, 0x00000000f8220000, 0x00000000f8220000)
  from space 256K,  15% used [0x00000000f8260000, 0x00000000f826a1f8, 0x00000000f82a0000)
  to   space 256K,   0% used [0x00000000f8220000, 0x00000000f8220000, 0x00000000f8260000)
 tenured generation   total 5504K, used 5084K [0x00000000faaa0000, 0x00000000fb000000, 0x0000000100000000)
   the space 5504K,  92% used [0x00000000faaa0000, 0x00000000faf971f0, 0x00000000faf97200, 0x00000000fb000000)
 Metaspace       used 8953K, capacity 9355K, committed 9600K, reserved 1058816K
  class space    used 899K, capacity 1092K, committed 1152K, reserved 1048576K
}
Event: 171.470 GC heap after
{Heap after GC invocations=12 (full 0):
 def new generation   total 2432K, used 40K [0x00000000f8000000, 0x00000000f82a0000, 0x00000000faaa0000)
  eden space 2176K,   0% used [0x00000000f8000000, 0x00000000f8000000, 0x00000000f8220000)
  from space 256K,  15% used [0x00000000f8220000, 0x00000000f822a1d8, 0x00000000f8260000)
  to   space 256K,   0% used [0x00000000f8260000, 0x00000000f8260000, 0x00000000f82a0000)
 tenured generation   total 5504K, used 5084K [0x00000000faaa0000, 0x00000000fb000000, 0x0000000100000000)
   the space 5504K,  92% used [0x00000000faaa0000, 0x00000000faf971f0, 0x00000000faf97200, 0x00000000fb000000)
 Metaspace       used 8953K, capacity 9355K, committed 9600K, reserved 1058816K
  class space    used 899K, capacity 1092K, committed 1152K, reserved 1048576K
}

Deoptimization events (20 events):
Event: 43.167 Thread 0x00007f3a24336800 DEOPT PACKING pc=0x00007f3a14457bdc sp=0x00007f39de3d9340
Event: 43.167 Thread 0x00007f3a24336800 DEOPT UNPACKING pc=0x00007f3a0c9281a5 sp=0x00007f39de3d9260 mode 2
Event: 44.834 Thread 0x00007f3a24336800 DEOPT PACKING pc=0x00007f3a0d114d82 sp=0x00007f39de3d9300
Event: 44.834 Thread 0x00007f3a24336800 DEOPT UNPACKING pc=0x00007f3a0c927fba sp=0x00007f39de3d8760 mode 0
Event: 45.165 Thread 0x00007f3a24336800 DEOPT PACKING pc=0x00007f3a0d114d82 sp=0x00007f39de3d9300
Event: 45.165 Thread 0x00007f3a24336800 DEOPT UNPACKING pc=0x00007f3a0c927fba sp=0x00007f39de3d8760 mode 0
Event: 46.500 Thread 0x00007f3a24336800 DEOPT PACKING pc=0x00007f3a0d114d82 sp=0x00007f39de3d9300
Event: 46.500 Thread 0x00007f3a24336800 DEOPT UNPACKING pc=0x00007f3a0c927fba sp=0x00007f39de3d8760 mode 0
Event: 48.167 Thread 0x00007f3a24336800 DEOPT PACKING pc=0x00007f3a0d114d82 sp=0x00007f39de3d9300
Event: 48.167 Thread 0x00007f3a24336800 DEOPT UNPACKING pc=0x00007f3a0c927fba sp=0x00007f39de3d8760 mode 0
Event: 48.904 Thread 0x00007f3a24336800 Uncommon trap: trap_request=0xffffff4d fr.pc=0x00007f3a14484d24 relative=0x00000000000001c4
Event: 48.904 Thread 0x00007f3a24336800 Uncommon trap: reason=unstable_if action=reinterpret pc=0x00007f3a14484d24 method=sun.java2d.SunGraphics2D.validateColor()V @ 38 c2
Event: 48.904 Thread 0x00007f3a24336800 DEOPT PACKING pc=0x00007f3a14484d24 sp=0x00007f39de3d8cc0
Event: 48.904 Thread 0x00007f3a24336800 DEOPT UNPACKING pc=0x00007f3a0c9281a5 sp=0x00007f39de3d8c58 mode 2
Event: 48.904 Thread 0x00007f3a24336800 Uncommon trap: trap_request=0xffffff4d fr.pc=0x00007f3a1447d314 relative=0x0000000000000234
Event: 48.904 Thread 0x00007f3a24336800 Uncommon trap: reason=unstable_if action=reinterpret pc=0x00007f3a1447d314 method=sun.java2d.SunGraphics2D.validateColor()V @ 38 c2
Event: 48.904 Thread 0x00007f3a24336800 DEOPT PACKING pc=0x00007f3a1447d314 sp=0x00007f39de3d8d10
Event: 48.904 Thread 0x00007f3a24336800 DEOPT UNPACKING pc=0x00007f3a0c9281a5 sp=0x00007f39de3d8c60 mode 2
Event: 49.835 Thread 0x00007f3a24336800 DEOPT PACKING pc=0x00007f3a0d114d82 sp=0x00007f39de3d9490
Event: 49.835 Thread 0x00007f3a24336800 DEOPT UNPACKING pc=0x00007f3a0c927fba sp=0x00007f39de3d88f0 mode 0

Classes redefined (0 events):
No events

Internal exceptions (20 events):
Event: 0.701 Thread 0x00007f3a24016000 Exception <a 'java/lang/ClassNotFoundException'{0x00000000f816e110}: sun/awt/resources/spi/awtProvider> (0x00000000f816e110) thrown at [./src/hotspot/share/classfile/systemDictionary.cpp, line 231]
Event: 1.098 Thread 0x00007f3a24016000 Exception <a 'java/io/FileNotFoundException'{0x00000000f820daa8}> (0x00000000f820daa8) thrown at [./src/hotspot/share/prims/jni.cpp, line 615]
Event: 1.299 Thread 0x00007f3a24016000 Exception <a 'java/lang/NoSuchMethodError'{0x00000000f804f4d0}: 'java.lang.Object java.lang.invoke.DirectMethodHandle$Holder.invokeStatic(java.lang.Object, java.lang.Object, java.lang.Object, java.lang.Object, java.lang.Object, java.lang.Object, java.lang.Object, java.lang.Object, java.lang.Object, java.lang.Object, java.lang.Object, java.lang.Object, java.lang.Object, java.lang.Object, java.lang.Object)'> (0x00000000f804f4d0) thrown at [./src/hotspot/share/interpreter/linkResolver.cpp, line 773]
Event: 1.303 Thread 0x00007f3a24016000 Exception <a 'java/lang/NoSuchMethodError'{0x00000000f805d728}: 'java.lang.Object java.lang.invoke.DirectMethodHandle$Holder.invokeStatic(java.lang.Object, java.lang.Object, java.lang.Object, java.lang.Object, java.lang.Object, java.lang.Object, java.lang.Object, java.lang.Object, java.lang.Object, java.lang.Object, java.lang.Object, java.lang.Object, java.lang.Object, java.lang.Object, java.lang.Object, java.lang.Object)'> (0x00000000f805d728) thrown at [./src/hotspot/share/interpreter/linkResolver.cpp, l
Event: 1.308 Thread 0x00007f3a24016000 Exception <a 'java/lang/NoSuchMethodError'{0x00000000f806b5d8}: 'java.lang.Object java.lang.invoke.DirectMethodHandle$Holder.invokeSpecial(java.lang.Object, java.lang.Object, int, int, java.lang.Object, java.lang.Object, java.lang.Object)'> (0x00000000f806b5d8) thrown at [./src/hotspot/share/interpreter/linkResolver.cpp, line 773]
Event: 1.308 Thread 0x00007f3a24016000 Exception <a 'java/lang/NoSuchMethodError'{0x00000000f806eb68}: 'java.lang.Object java.lang.invoke.DelegatingMethodHandle$Holder.reinvoke_L(java.lang.Object, int, int, java.lang.Object, java.lang.Object, java.lang.Object)'> (0x00000000f806eb68) thrown at [./src/hotspot/share/interpreter/linkResolver.cpp, line 773]
Event: 1.309 Thread 0x00007f3a24016000 Exception <a 'java/lang/NoSuchMethodError'{0x00000000f8072e98}: 'java.lang.Object java.lang.invoke.DirectMethodHandle$Holder.invokeStatic(java.lang.Object, java.lang.Object, java.lang.Object, java.lang.Object, int)'> (0x00000000f8072e98) thrown at [./src/hotspot/share/interpreter/linkResolver.cpp, line 773]
Event: 8.895 Thread 0x00007f3a24016000 Exception <a 'java/lang/NoSuchMethodError'{0x00000000f81d2c20}: 'java.lang.Object java.lang.invoke.DirectMethodHandle$Holder.invokeStatic(java.lang.Object, java.lang.Object, java.lang.Object, java.lang.Object, java.lang.Object, java.lang.Object, java.lang.Object, java.lang.Object, int)'> (0x00000000f81d2c20) thrown at [./src/hotspot/share/interpreter/linkResolver.cpp, line 773]
Event: 8.916 Thread 0x00007f3a24016000 Exception <a 'java/lang/NoSuchMethodError'{0x00000000f81ed1f8}: 'java.lang.Object java.lang.invoke.DirectMethodHandle$Holder.invokeStatic(java.lang.Object, java.lang.Object, java.lang.Object, java.lang.Object, java.lang.Object, java.lang.Object, java.lang.Object, java.lang.Object, int, int)'> (0x00000000f81ed1f8) thrown at [./src/hotspot/share/interpreter/linkResolver.cpp, line 773]
Event: 8.999 Thread 0x00007f3a24016000 Exception <a 'java/lang/NoSuchMethodError'{0x00000000f81f9840}: 'void java.lang.invoke.DirectMethodHandle$Holder.invokeSpecial(java.lang.Object, java.lang.Object)'> (0x00000000f81f9840) thrown at [./src/hotspot/share/interpreter/linkResolver.cpp, line 773]
Event: 10.008 Thread 0x00007f3a24016000 Exception <a 'java/lang/NoSuchMethodError'{0x00000000f81f1260}: 'java.lang.Object java.lang.invoke.DirectMethodHandle$Holder.invokeStatic(java.lang.Object, int, java.lang.Object, java.lang.Object, java.lang.Object, java.lang.Object)'> (0x00000000f81f1260) thrown at [./src/hotspot/share/interpreter/linkResolver.cpp, line 773]
Event: 10.010 Thread 0x00007f3a24016000 Exception <a 'java/lang/NoSuchMethodError'{0x00000000f81f8320}: 'java.lang.Object java.lang.invoke.DirectMethodHandle$Holder.invokeStatic(java.lang.Object, int, java.lang.Object, java.lang.Object, java.lang.Object)'> (0x00000000f81f8320) thrown at [./src/hotspot/share/interpreter/linkResolver.cpp, line 773]
Event: 10.011 Thread 0x00007f3a24016000 Exception <a 'java/lang/NoSuchMethodError'{0x00000000f81fc1f0}: 'java.lang.Object java.lang.invoke.DirectMethodHandle$Holder.invokeSpecial(java.lang.Object, java.lang.Object, int, java.lang.Object, java.lang.Object, java.lang.Object)'> (0x00000000f81fc1f0) thrown at [./src/hotspot/share/interpreter/linkResolver.cpp, line 773]
Event: 10.100 Thread 0x00007f3a24016000 Exception <a 'java/lang/NoSuchMethodError'{0x00000000f8213f00}: 'java.lang.Object java.lang.invoke.DirectMethodHandle$Holder.invokeStatic(java.lang.Object, int, java.lang.Object)'> (0x00000000f8213f00) thrown at [./src/hotspot/share/interpreter/linkResolver.cpp, line 773]
Event: 10.497 Thread 0x00007f3a24016000 Exception <a 'java/lang/NoSuchMethodError'{0x00000000f80edf48}: 'java.lang.Object java.lang.invoke.Invokers$Holder.linkToTargetMethod(java.lang.Object, int, java.lang.Object)'> (0x00000000f80edf48) thrown at [./src/hotspot/share/interpreter/linkResolver.cpp, line 773]
Event: 10.507 Thread 0x00007f3a24016000 Exception <a 'java/lang/ClassNotFoundException'{0x00000000f80f62b0}: com/sun/swing/internal/plaf/metal/resources/spi/metalProvider> (0x00000000f80f62b0) thrown at [./src/hotspot/share/classfile/systemDictionary.cpp, line 231]
Event: 10.512 Thread 0x00007f3a24016000 Exception <a 'java/lang/ClassNotFoundException'{0x00000000f80fab10}: com/sun/swing/internal/plaf/basic/resources/spi/basicProvider> (0x00000000f80fab10) thrown at [./src/hotspot/share/classfile/systemDictionary.cpp, line 231]
Event: 10.899 Thread 0x00007f3a24016000 Exception <a 'java/lang/NoSuchMethodError'{0x00000000f818bb58}: 'void java.lang.invoke.DirectMethodHandle$Holder.invokeStaticInit(java.lang.Object)'> (0x00000000f818bb58) thrown at [./src/hotspot/share/interpreter/linkResolver.cpp, line 773]
Event: 11.002 Thread 0x00007f3a24016000 Exception <a 'java/lang/NoSuchMethodError'{0x00000000f81c9038}: 'java.lang.Object java.lang.invoke.DirectMethodHandle$Holder.invokeStatic(java.lang.Object, java.lang.Object, java.lang.Object, java.lang.Object, java.lang.Object, java.lang.Object, java.lang.Object, java.lang.Object, java.lang.Object, java.lang.Object, java.lang.Object, java.lang.Object, java.lang.Object, int)'> (0x00000000f81c9038) thrown at [./src/hotspot/share/interpreter/linkResolver.cpp, line 773]
Event: 11.006 Thread 0x00007f3a24016000 Exception <a 'java/lang/NoSuchMethodError'{0x00000000f81d5c88}: 'java.lang.Object java.lang.invoke.DirectMethodHandle$Holder.invokeStatic(java.lang.Object, java.lang.Object, java.lang.Object, java.lang.Object, java.lang.Object, java.lang.Object, java.lang.Object, java.lang.Object, java.lang.Object, java.lang.Object, java.lang.Object, java.lang.Object, java.lang.Object, int, int)'> (0x00000000f81d5c88) thrown at [./src/hotspot/share/interpreter/linkResolver.cpp, line 773]

Events (20 events):
Event: 110.516 Executing VM operation: GenCollectForAllocation done
Event: 140.883 Executing VM operation: GenCollectForAllocation
Event: 140.884 Executing VM operation: GenCollectForAllocation done
Event: 171.469 Executing VM operation: GenCollectForAllocation
Event: 171.470 Executing VM operation: GenCollectForAllocation done
Event: 173.222 loading class jdk/internal/misc/Signal$1
Event: 173.223 loading class jdk/internal/misc/Signal$1 done
Event: 173.223 Thread 0x00007f39f8001000 Thread added: 0x00007f39f8001000
Event: 173.224 Thread 0x00007f39f8002800 Thread added: 0x00007f39f8002800
Event: 173.224 Protecting memory [0x00007f39de5dd000,0x00007f39de5e1000] with protection modes 0
Event: 173.224 Executing VM operation: RevokeBias
Event: 173.230 Protecting memory [0x00007f39de6de000,0x00007f39de6e2000] with protection modes 0
Event: 173.236 Executing VM operation: RevokeBias done
Event: 173.237 Executing VM operation: RevokeBias
Event: 173.237 Executing VM operation: RevokeBias done
Event: 173.239 Executing VM operation: RevokeBias
Event: 173.240 Thread 0x00007f39cc01e800 Thread added: 0x00007f39cc01e800
Event: 173.240 Protecting memory [0x00007f3a23eff000,0x00007f3a23f03000] with protection modes 0
Event: 173.240 Executing VM operation: RevokeBias done
Event: 173.240 loading class sun/awt/X11/XSystemTrayPeer


Dynamic libraries:
f8000000-f82a0000 rw-p 00000000 00:00 0 
f82a0000-faaa0000 ---p 00000000 00:00 0 
faaa0000-fb000000 rw-p 00000000 00:00 0 
fb000000-100000000 ---p 00000000 00:00 0 
800000000-800002000 rwxp 00001000 08:01 2329090                          /usr/lib/jvm/java-11-openjdk-amd64/lib/server/classes.jsa
800002000-8003b8000 rw-p 00003000 08:01 2329090                          /usr/lib/jvm/java-11-openjdk-amd64/lib/server/classes.jsa
8003b8000-800a93000 r--p 003b9000 08:01 2329090                          /usr/lib/jvm/java-11-openjdk-amd64/lib/server/classes.jsa
800a93000-800a94000 rw-p 00a94000 08:01 2329090                          /usr/lib/jvm/java-11-openjdk-amd64/lib/server/classes.jsa
800a94000-8010a0000 r--p 00a95000 08:01 2329090                          /usr/lib/jvm/java-11-openjdk-amd64/lib/server/classes.jsa
840000000-840120000 rw-p 00000000 00:00 0 
840120000-880000000 ---p 00000000 00:00 0 
5581763e9000-5581763ea000 r-xp 00000000 08:01 2328722                    /usr/lib/jvm/java-11-openjdk-amd64/bin/java
5581765ea000-5581765eb000 r--p 00001000 08:01 2328722                    /usr/lib/jvm/java-11-openjdk-amd64/bin/java
5581765eb000-5581765ec000 rw-p 00002000 08:01 2328722                    /usr/lib/jvm/java-11-openjdk-amd64/bin/java
55817716a000-55817718b000 rw-p 00000000 00:00 0                          [heap]
7f39b8000000-7f39b81a6000 rw-p 00000000 00:00 0 
7f39b81a6000-7f39bc000000 ---p 00000000 00:00 0 
7f39bc000000-7f39bc080000 rw-p 00000000 00:00 0 
7f39bc080000-7f39c0000000 ---p 00000000 00:00 0 
7f39c0000000-7f39c0021000 rw-p 00000000 00:00 0 
7f39c0021000-7f39c4000000 ---p 00000000 00:00 0 
7f39c4000000-7f39c4021000 rw-p 00000000 00:00 0 
7f39c4021000-7f39c8000000 ---p 00000000 00:00 0 
7f39c8000000-7f39c8021000 rw-p 00000000 00:00 0 
7f39c8021000-7f39cc000000 ---p 00000000 00:00 0 
7f39cc000000-7f39cc064000 rw-p 00000000 00:00 0 
7f39cc064000-7f39d0000000 ---p 00000000 00:00 0 
7f39d0000000-7f39d0021000 rw-p 00000000 00:00 0 
7f39d0021000-7f39d4000000 ---p 00000000 00:00 0 
7f39d4000000-7f39d4021000 rw-p 00000000 00:00 0 
7f39d4021000-7f39d8000000 ---p 00000000 00:00 0 
7f39d8000000-7f39d8021000 rw-p 00000000 00:00 0 
7f39d8021000-7f39dc000000 ---p 00000000 00:00 0 
7f39ddfe5000-7f39de025000 rw-p 00000000 00:00 0 
7f39de025000-7f39de1e5000 ---p 00000000 00:00 0 
7f39de1e5000-7f39de2da000 rw-s 00000000 00:01 30                         /SYSV00000000 (deleted)
7f39de2da000-7f39de2de000 ---p 00000000 00:00 0 
7f39de2de000-7f39de3db000 rw-p 00000000 00:00 0 
7f39de3db000-7f39de3df000 ---p 00000000 00:00 0 
7f39de3df000-7f39de4dc000 rw-p 00000000 00:00 0 
7f39de4dc000-7f39de4e0000 ---p 00000000 00:00 0 
7f39de4e0000-7f39de5dd000 rw-p 00000000 00:00 0 
7f39de5dd000-7f39de5e1000 ---p 00000000 00:00 0 
7f39de5e1000-7f39de6de000 rw-p 00000000 00:00 0 
7f39de6de000-7f39de6e2000 ---p 00000000 00:00 0 
7f39de6e2000-7f39de7df000 rw-p 00000000 00:00 0 
7f39de7df000-7f39de7e3000 ---p 00000000 00:00 0 
7f39de7e3000-7f39de8e0000 rw-p 00000000 00:00 0 
7f39de8e0000-7f39de8e4000 ---p 00000000 00:00 0 
7f39de8e4000-7f39de9e1000 rw-p 00000000 00:00 0 
7f39de9e1000-7f39de9e2000 ---p 00000000 00:00 0 
7f39de9e2000-7f39df1e2000 rw-p 00000000 00:00 0 
7f39df1e2000-7f39df1e7000 r-xp 00000000 08:01 1299457                    /usr/lib/x86_64-linux-gnu/libXfixes.so.3.1.0
7f39df1e7000-7f39df3e6000 ---p 00005000 08:01 1299457                    /usr/lib/x86_64-linux-gnu/libXfixes.so.3.1.0
7f39df3e6000-7f39df3e7000 r--p 00004000 08:01 1299457                    /usr/lib/x86_64-linux-gnu/libXfixes.so.3.1.0
7f39df3e7000-7f39df3e8000 rw-p 00005000 08:01 1299457                    /usr/lib/x86_64-linux-gnu/libXfixes.so.3.1.0
7f39df3e8000-7f39df3f1000 r-xp 00000000 08:01 1299449                    /usr/lib/x86_64-linux-gnu/libXcursor.so.1.0.2
7f39df3f1000-7f39df5f0000 ---p 00009000 08:01 1299449                    /usr/lib/x86_64-linux-gnu/libXcursor.so.1.0.2
7f39df5f0000-7f39df5f1000 r--p 00008000 08:01 1299449                    /usr/lib/x86_64-linux-gnu/libXcursor.so.1.0.2
7f39df5f1000-7f39df5f2000 rw-p 00009000 08:01 1299449                    /usr/lib/x86_64-linux-gnu/libXcursor.so.1.0.2
7f39df5f2000-7f39df5f3000 ---p 00000000 00:00 0 
7f39df5f3000-7f39dfdf3000 rw-p 00000000 00:00 0 
7f39dfdf3000-7f39dfdff000 r-xp 00000000 08:01 1299203                    /usr/lib/x86_64-linux-gnu/gio/modules/libdconfsettings.so
7f39dfdff000-7f39dfffe000 ---p 0000c000 08:01 1299203                    /usr/lib/x86_64-linux-gnu/gio/modules/libdconfsettings.so
7f39dfffe000-7f39dffff000 r--p 0000b000 08:01 1299203                    /usr/lib/x86_64-linux-gnu/gio/modules/libdconfsettings.so
7f39dffff000-7f39e0000000 rw-p 0000c000 08:01 1299203                    /usr/lib/x86_64-linux-gnu/gio/modules/libdconfsettings.so
7f39e0000000-7f39e0021000 rw-p 00000000 00:00 0 
7f39e0021000-7f39e4000000 ---p 00000000 00:00 0 
7f39e4068000-7f39e406e000 r-xp 00000000 08:01 779522                     /lib/x86_64-linux-gnu/libuuid.so.1.3.0
7f39e406e000-7f39e426d000 ---p 00006000 08:01 779522                     /lib/x86_64-linux-gnu/libuuid.so.1.3.0
7f39e426d000-7f39e426e000 r--p 00005000 08:01 779522                     /lib/x86_64-linux-gnu/libuuid.so.1.3.0
7f39e426e000-7f39e426f000 rw-p 00006000 08:01 779522                     /lib/x86_64-linux-gnu/libuuid.so.1.3.0
7f39e426f000-7f39e42b6000 r-xp 00000000 08:01 779428                     /lib/x86_64-linux-gnu/libblkid.so.1.1.0
7f39e42b6000-7f39e44b6000 ---p 00047000 08:01 779428                     /lib/x86_64-linux-gnu/libblkid.so.1.1.0
7f39e44b6000-7f39e44ba000 r--p 00047000 08:01 779428                     /lib/x86_64-linux-gnu/libblkid.so.1.1.0
7f39e44ba000-7f39e44bb000 rw-p 0004b000 08:01 779428                     /lib/x86_64-linux-gnu/libblkid.so.1.1.0
7f39e44bb000-7f39e44bc000 rw-p 00000000 00:00 0 
7f39e44bc000-7f39e452c000 r-xp 00000000 08:01 779492                     /lib/x86_64-linux-gnu/libpcre.so.3.13.3
7f39e452c000-7f39e472c000 ---p 00070000 08:01 779492                     /lib/x86_64-linux-gnu/libpcre.so.3.13.3
7f39e472c000-7f39e472d000 r--p 00070000 08:01 779492                     /lib/x86_64-linux-gnu/libpcre.so.3.13.3
7f39e472d000-7f39e472e000 rw-p 00071000 08:01 779492                     /lib/x86_64-linux-gnu/libpcre.so.3.13.3
7f39e472e000-7f39e4735000 r-xp 00000000 08:01 780209                     /usr/lib/x86_64-linux-gnu/libffi.so.6.0.4
7f39e4735000-7f39e4934000 ---p 00007000 08:01 780209                     /usr/lib/x86_64-linux-gnu/libffi.so.6.0.4
7f39e4934000-7f39e4935000 r--p 00006000 08:01 780209                     /usr/lib/x86_64-linux-gnu/libffi.so.6.0.4
7f39e4935000-7f39e4936000 rw-p 00007000 08:01 780209                     /usr/lib/x86_64-linux-gnu/libffi.so.6.0.4
7f39e4936000-7f39e4987000 r-xp 00000000 08:01 779463                     /lib/x86_64-linux-gnu/libmount.so.1.1.0
7f39e4987000-7f39e4b86000 ---p 00051000 08:01 779463                     /lib/x86_64-linux-gnu/libmount.so.1.1.0
7f39e4b86000-7f39e4b88000 r--p 00050000 08:01 779463                     /lib/x86_64-linux-gnu/libmount.so.1.1.0
7f39e4b88000-7f39e4b89000 rw-p 00052000 08:01 779463                     /lib/x86_64-linux-gnu/libmount.so.1.1.0
7f39e4b89000-7f39e4b8a000 rw-p 00000000 00:00 0 
7f39e4b8a000-7f39e4ba1000 r-xp 00000000 08:01 779497                     /lib/x86_64-linux-gnu/libresolv-2.27.so
7f39e4ba1000-7f39e4da1000 ---p 00017000 08:01 779497                     /lib/x86_64-linux-gnu/libresolv-2.27.so
7f39e4da1000-7f39e4da2000 r--p 00017000 08:01 779497                     /lib/x86_64-linux-gnu/libresolv-2.27.so
7f39e4da2000-7f39e4da3000 rw-p 00018000 08:01 779497                     /lib/x86_64-linux-gnu/libresolv-2.27.so
7f39e4da3000-7f39e4da5000 rw-p 00000000 00:00 0 
7f39e4da5000-7f39e4dca000 r-xp 00000000 08:01 779503                     /lib/x86_64-linux-gnu/libselinux.so.1
7f39e4dca000-7f39e4fc9000 ---p 00025000 08:01 779503                     /lib/x86_64-linux-gnu/libselinux.so.1
7f39e4fc9000-7f39e4fca000 r--p 00024000 08:01 779503                     /lib/x86_64-linux-gnu/libselinux.so.1
7f39e4fca000-7f39e4fcb000 rw-p 00025000 08:01 779503                     /lib/x86_64-linux-gnu/libselinux.so.1
7f39e4fcb000-7f39e4fcd000 rw-p 00000000 00:00 0 
7f39e4fcd000-7f39e50e1000 r-xp 00000000 08:01 1299833                    /usr/lib/x86_64-linux-gnu/libglib-2.0.so.0.5600.4
7f39e50e1000-7f39e52e1000 ---p 00114000 08:01 1299833                  